1616511322691	geckodriver	INFO	Listening on 127.0.0.1:62323
1616511325715	mozrunner::runner	INFO	Running command: "C:\\Program Files\\Mozilla Firefox\\firefox.exe" "--marionette" "-foreground" "-no-remote" "-profile" "C:\\Users\\royce\\AppData\\Local\\Temp\\rust_mozprofileP7ggFL"
console.warn: SearchSettings: "get: No settings file exists, new profile?" (new Error("", "(unknown module)"))
1616511329757	Marionette	INFO	Listening on port 62331
1616511329927	Marionette	WARN	TLS certificate errors will be ignored for this session
1616511465200	geckodriver	INFO	Listening on 127.0.0.1:62531
1616511468234	mozrunner::runner	INFO	Running command: "C:\\Program Files\\Mozilla Firefox\\firefox.exe" "--marionette" "-foreground" "-no-remote" "-profile" "C:\\Users\\royce\\AppData\\Local\\Temp\\rust_mozprofileDuuXvw"
console.warn: SearchSettings: "get: No settings file exists, new profile?" (new Error("", "(unknown module)"))
1616511471859	Marionette	INFO	Listening on port 62539
1616511471934	Marionette	WARN	TLS certificate errors will be ignored for this session
1616511560417	geckodriver	INFO	Listening on 127.0.0.1:62689
1616511563449	mozrunner::runner	INFO	Running command: "C:\\Program Files\\Mozilla Firefox\\firefox.exe" "--marionette" "-foreground" "-no-remote" "-profile" "C:\\Users\\royce\\AppData\\Local\\Temp\\rust_mozprofileijPABD"
console.warn: SearchSettings: "get: No settings file exists, new profile?" (new Error("", "(unknown module)"))
1616511567078	Marionette	INFO	Listening on port 62698
1616511567146	Marionette	WARN	TLS certificate errors will be ignored for this session
1616511631757	geckodriver	INFO	Listening on 127.0.0.1:62832
1616511634785	mozrunner::runner	INFO	Running command: "C:\\Program Files\\Mozilla Firefox\\firefox.exe" "--marionette" "-foreground" "-no-remote" "-profile" "C:\\Users\\royce\\AppData\\Local\\Temp\\rust_mozprofilelOVWAt"
console.warn: SearchSettings: "get: No settings file exists, new profile?" (new Error("", "(unknown module)"))
1616511638120	Marionette	INFO	Listening on port 62840
1616511638467	Marionette	WARN	TLS certificate errors will be ignored for this session
1616511679647	geckodriver	INFO	Listening on 127.0.0.1:62926
1616511682675	mozrunner::runner	INFO	Running command: "C:\\Program Files\\Mozilla Firefox\\firefox.exe" "--marionette" "-foreground" "-no-remote" "-profile" "C:\\Users\\royce\\AppData\\Local\\Temp\\rust_mozprofile6gUYmy"
console.warn: SearchSettings: "get: No settings file exists, new profile?" (new Error("", "(unknown module)"))
1616511686483	Marionette	INFO	Listening on port 62958
1616511686870	Marionette	WARN	TLS certificate errors will be ignored for this session
1616511828387	geckodriver	INFO	Listening on 127.0.0.1:63126
1616511831426	mozrunner::runner	INFO	Running command: "C:\\Program Files\\Mozilla Firefox\\firefox.exe" "--marionette" "-foreground" "-no-remote" "-profile" "C:\\Users\\royce\\AppData\\Local\\Temp\\rust_mozprofileVNuRFM"
console.warn: SearchSettings: "get: No settings file exists, new profile?" (new Error("", "(unknown module)"))
1616511835041	Marionette	INFO	Listening on port 63139
1616511835125	Marionette	WARN	TLS certificate errors will be ignored for this session
1616512004877	geckodriver	INFO	Listening on 127.0.0.1:63344
1616512007919	mozrunner::runner	INFO	Running command: "C:\\Program Files\\Mozilla Firefox\\firefox.exe" "--marionette" "-foreground" "-no-remote" "-profile" "C:\\Users\\royce\\AppData\\Local\\Temp\\rust_mozprofileMRoavg"
console.warn: SearchSettings: "get: No settings file exists, new profile?" (new Error("", "(unknown module)"))
1616512011714	Marionette	INFO	Listening on port 63352
1616512012124	Marionette	WARN	TLS certificate errors will be ignored for this session
1616512100457	geckodriver	INFO	Listening on 127.0.0.1:63497
1616512103494	mozrunner::runner	INFO	Running command: "C:\\Program Files\\Mozilla Firefox\\firefox.exe" "--marionette" "-foreground" "-no-remote" "-profile" "C:\\Users\\royce\\AppData\\Local\\Temp\\rust_mozprofilebkVmHz"
console.warn: SearchSettings: "get: No settings file exists, new profile?" (new Error("", "(unknown module)"))
1616512107136	Marionette	INFO	Listening on port 63505
1616512107224	Marionette	WARN	TLS certificate errors will be ignored for this session
1616512416897	geckodriver	INFO	Listening on 127.0.0.1:63983
1616512419930	mozrunner::runner	INFO	Running command: "C:\\Program Files\\Mozilla Firefox\\firefox.exe" "--marionette" "-foreground" "-no-remote" "-profile" "C:\\Users\\royce\\AppData\\Local\\Temp\\rust_mozprofile22vDrW"
console.warn: SearchSettings: "get: No settings file exists, new profile?" (new Error("", "(unknown module)"))
1616512423837	Marionette	INFO	Listening on port 63991
1616512424141	Marionette	WARN	TLS certificate errors will be ignored for this session
1616512456557	geckodriver	INFO	Listening on 127.0.0.1:64072
1616512459594	mozrunner::runner	INFO	Running command: "C:\\Program Files\\Mozilla Firefox\\firefox.exe" "--marionette" "-foreground" "-no-remote" "-profile" "C:\\Users\\royce\\AppData\\Local\\Temp\\rust_mozprofilemcYeRz"
console.warn: SearchSettings: "get: No settings file exists, new profile?" (new Error("", "(unknown module)"))
1616512463747	Marionette	INFO	Listening on port 64080
1616512463815	Marionette	WARN	TLS certificate errors will be ignored for this session
1616512662029	geckodriver	INFO	Listening on 127.0.0.1:64298
1616512665079	mozrunner::runner	INFO	Running command: "C:\\Program Files\\Mozilla Firefox\\firefox.exe" "--marionette" "-foreground" "-no-remote" "-profile" "C:\\Users\\royce\\AppData\\Local\\Temp\\rust_mozprofileVooSOW"
console.warn: SearchSettings: "get: No settings file exists, new profile?" (new Error("", "(unknown module)"))
1616512668965	Marionette	INFO	Listening on port 64307
1616512669295	Marionette	WARN	TLS certificate errors will be ignored for this session
1616512834781	geckodriver	INFO	Listening on 127.0.0.1:64511
1616512837801	mozrunner::runner	INFO	Running command: "C:\\Program Files\\Mozilla Firefox\\firefox.exe" "--marionette" "-foreground" "-no-remote" "-profile" "C:\\Users\\royce\\AppData\\Local\\Temp\\rust_mozprofilePTcgg5"
console.warn: SearchSettings: "get: No settings file exists, new profile?" (new Error("", "(unknown module)"))
1616512841561	Marionette	INFO	Listening on port 64519
1616512842024	Marionette	WARN	TLS certificate errors will be ignored for this session
1616512864498	Marionette	INFO	Stopped listening on port 64519

###!!! [Child][RunMessage] Error: Channel closing: too late to send/recv, messages will be lost

1616512917355	geckodriver	INFO	Listening on 127.0.0.1:64634
1616512920389	mozrunner::runner	INFO	Running command: "C:\\Program Files\\Mozilla Firefox\\firefox.exe" "--marionette" "-foreground" "-no-remote" "-profile" "C:\\Users\\royce\\AppData\\Local\\Temp\\rust_mozprofilec65gcQ"
console.warn: SearchSettings: "get: No settings file exists, new profile?" (new Error("", "(unknown module)"))
1616512923797	Marionette	INFO	Listening on port 64644
1616512924087	Marionette	WARN	TLS certificate errors will be ignored for this session
1616513100041	geckodriver	INFO	Listening on 127.0.0.1:64891
1616513103071	mozrunner::runner	INFO	Running command: "C:\\Program Files\\Mozilla Firefox\\firefox.exe" "--marionette" "-foreground" "-no-remote" "-profile" "C:\\Users\\royce\\AppData\\Local\\Temp\\rust_mozprofileJbqehp"
console.warn: SearchSettings: "get: No settings file exists, new profile?" (new Error("", "(unknown module)"))
1616513106679	Marionette	INFO	Listening on port 64899
1616513106776	Marionette	WARN	TLS certificate errors will be ignored for this session
1616513184000	geckodriver	INFO	Listening on 127.0.0.1:65078
1616513187055	mozrunner::runner	INFO	Running command: "C:\\Program Files\\Mozilla Firefox\\firefox.exe" "--marionette" "-foreground" "-no-remote" "-profile" "C:\\Users\\royce\\AppData\\Local\\Temp\\rust_mozprofileLalBJ1"
console.warn: SearchSettings: "get: No settings file exists, new profile?" (new Error("", "(unknown module)"))
1616513190598	Marionette	INFO	Listening on port 65086
1616513190754	Marionette	WARN	TLS certificate errors will be ignored for this session
1616513228296	geckodriver	INFO	Listening on 127.0.0.1:65171
1616513231326	mozrunner::runner	INFO	Running command: "C:\\Program Files\\Mozilla Firefox\\firefox.exe" "--marionette" "-foreground" "-no-remote" "-profile" "C:\\Users\\royce\\AppData\\Local\\Temp\\rust_mozprofileaKXMa9"
console.warn: SearchSettings: "get: No settings file exists, new profile?" (new Error("", "(unknown module)"))
1616513234827	Marionette	INFO	Listening on port 65179
1616513235033	Marionette	WARN	TLS certificate errors will be ignored for this session
1616513464166	geckodriver	INFO	Listening on 127.0.0.1:65432
1616513467190	mozrunner::runner	INFO	Running command: "C:\\Program Files\\Mozilla Firefox\\firefox.exe" "--marionette" "-foreground" "-no-remote" "-profile" "C:\\Users\\royce\\AppData\\Local\\Temp\\rust_mozprofileR5cFVA"
console.warn: SearchSettings: "get: No settings file exists, new profile?" (new Error("", "(unknown module)"))
1616513470778	Marionette	INFO	Listening on port 65442
1616513470876	Marionette	WARN	TLS certificate errors will be ignored for this session
1616513693177	geckodriver	INFO	Listening on 127.0.0.1:49288
1616513696210	mozrunner::runner	INFO	Running command: "C:\\Program Files\\Mozilla Firefox\\firefox.exe" "--marionette" "-foreground" "-no-remote" "-profile" "C:\\Users\\royce\\AppData\\Local\\Temp\\rust_mozprofilehT1fIX"
console.warn: SearchSettings: "get: No settings file exists, new profile?" (new Error("", "(unknown module)"))
1616513699863	Marionette	INFO	Listening on port 49296
1616513699918	Marionette	WARN	TLS certificate errors will be ignored for this session
1616513712321	Marionette	INFO	Stopped listening on port 49296

###!!! [Child][RunMessage] Error: Channel closing: too late to send/recv, messages will be lost

1616513740454	geckodriver	INFO	Listening on 127.0.0.1:49389
1616513743495	mozrunner::runner	INFO	Running command: "C:\\Program Files\\Mozilla Firefox\\firefox.exe" "--marionette" "-foreground" "-no-remote" "-profile" "C:\\Users\\royce\\AppData\\Local\\Temp\\rust_mozprofilevjiiAa"
console.warn: SearchSettings: "get: No settings file exists, new profile?" (new Error("", "(unknown module)"))
1616513747011	Marionette	INFO	Listening on port 49398
1616513747159	Marionette	WARN	TLS certificate errors will be ignored for this session
1616513861897	geckodriver	INFO	Listening on 127.0.0.1:49554
1616513864932	mozrunner::runner	INFO	Running command: "C:\\Program Files\\Mozilla Firefox\\firefox.exe" "--marionette" "-foreground" "-no-remote" "-profile" "C:\\Users\\royce\\AppData\\Local\\Temp\\rust_mozprofileH04vva"
console.warn: SearchSettings: "get: No settings file exists, new profile?" (new Error("", "(unknown module)"))
1616513868569	Marionette	INFO	Listening on port 49562
1616513868646	Marionette	WARN	TLS certificate errors will be ignored for this session
1616513940297	geckodriver	INFO	Listening on 127.0.0.1:49681
1616513943330	mozrunner::runner	INFO	Running command: "C:\\Program Files\\Mozilla Firefox\\firefox.exe" "--marionette" "-foreground" "-no-remote" "-profile" "C:\\Users\\royce\\AppData\\Local\\Temp\\rust_mozprofileRDRsyO"
console.warn: SearchSettings: "get: No settings file exists, new profile?" (new Error("", "(unknown module)"))
1616513946809	Marionette	INFO	Listening on port 49691
1616513947035	Marionette	WARN	TLS certificate errors will be ignored for this session
1616513970988	geckodriver	INFO	Listening on 127.0.0.1:49794
1616513974014	mozrunner::runner	INFO	Running command: "C:\\Program Files\\Mozilla Firefox\\firefox.exe" "--marionette" "-foreground" "-no-remote" "-profile" "C:\\Users\\royce\\AppData\\Local\\Temp\\rust_mozprofile84J3vY"
console.warn: SearchSettings: "get: No settings file exists, new profile?" (new Error("", "(unknown module)"))
1616513977433	Marionette	INFO	Listening on port 49804
1616513977701	Marionette	WARN	TLS certificate errors will be ignored for this session
1616513999141	geckodriver	INFO	Listening on 127.0.0.1:49888
1616514002156	mozrunner::runner	INFO	Running command: "C:\\Program Files\\Mozilla Firefox\\firefox.exe" "--marionette" "-foreground" "-no-remote" "-profile" "C:\\Users\\royce\\AppData\\Local\\Temp\\rust_mozprofileCedDQt"
console.warn: SearchSettings: "get: No settings file exists, new profile?" (new Error("", "(unknown module)"))
1616514005840	Marionette	INFO	Listening on port 49897
1616514006347	Marionette	WARN	TLS certificate errors will be ignored for this session
1616514325298	geckodriver	INFO	Listening on 127.0.0.1:50230
1616514328329	mozrunner::runner	INFO	Running command: "C:\\Program Files\\Mozilla Firefox\\firefox.exe" "--marionette" "-foreground" "-no-remote" "-profile" "C:\\Users\\royce\\AppData\\Local\\Temp\\rust_mozprofilejS1emp"
console.warn: SearchSettings: "get: No settings file exists, new profile?" (new Error("", "(unknown module)"))
1616514331952	Marionette	INFO	Listening on port 50239
1616514332072	Marionette	WARN	TLS certificate errors will be ignored for this session
1616514334573	Marionette	INFO	Stopped listening on port 50239
[Child 10212, IPC I/O Child] WARNING: pipe error: 232: file /builds/worker/checkouts/gecko/ipc/chromium/src/chrome/common/ipc_channel_win.cc:545

###!!! [Child][RunMessage] Error: Channel closing: too late to send/recv, messages will be lost

1616514357800	geckodriver	INFO	Listening on 127.0.0.1:50305
1616514360835	mozrunner::runner	INFO	Running command: "C:\\Program Files\\Mozilla Firefox\\firefox.exe" "--marionette" "-foreground" "-no-remote" "-profile" "C:\\Users\\royce\\AppData\\Local\\Temp\\rust_mozprofileoJTSVY"
console.warn: SearchSettings: "get: No settings file exists, new profile?" (new Error("", "(unknown module)"))
1616514364464	Marionette	INFO	Listening on port 50313
1616514364526	Marionette	WARN	TLS certificate errors will be ignored for this session
1616514366790	Marionette	INFO	Stopped listening on port 50313
[Child 20000, IPC I/O Child] WARNING: pipe error: 232: file /builds/worker/checkouts/gecko/ipc/chromium/src/chrome/common/ipc_channel_win.cc:545

###!!! [Child][MessageChannel] Error: (msgtype=0x5B0009,name=PHttpChannel::Msg_DeletingChannel) Channel closing: too late to send/recv, messages will be lost


###!!! [Child][MessageChannel] Error: (msgtype=0x5B0008,name=PHttpChannel::Msg_RemoveCorsPreflightCacheEntry) Channel closing: too late to send/recv, messages will be lost


###!!! [Child][MessageChannel] Error: (msgtype=0x5B0009,name=PHttpChannel::Msg_DeletingChannel) Channel closing: too late to send/recv, messages will be lost


###!!! [Child][MessageChannel] Error: (msgtype=0x5B0008,name=PHttpChannel::Msg_RemoveCorsPreflightCacheEntry) Channel closing: too late to send/recv, messages will be lost


###!!! [Child][MessageChannel] Error: (msgtype=0x5B0009,name=PHttpChannel::Msg_DeletingChannel) Channel closing: too late to send/recv, messages will be lost


###!!! [Child][MessageChannel] Error: (msgtype=0x5B0008,name=PHttpChannel::Msg_RemoveCorsPreflightCacheEntry) Channel closing: too late to send/recv, messages will be lost


###!!! [Child][MessageChannel] Error: (msgtype=0x5B0009,name=PHttpChannel::Msg_DeletingChannel) Channel closing: too late to send/recv, messages will be lost


###!!! [Child][MessageChannel] Error: (msgtype=0x5B0008,name=PHttpChannel::Msg_RemoveCorsPreflightCacheEntry) Channel closing: too late to send/recv, messages will be lost


###!!! [Child][MessageChannel] Error: (msgtype=0x5B0009,name=PHttpChannel::Msg_DeletingChannel) Channel closing: too late to send/recv, messages will be lost


###!!! [Child][MessageChannel] Error: (msgtype=0x5B0008,name=PHttpChannel::Msg_RemoveCorsPreflightCacheEntry) Channel closing: too late to send/recv, messages will be lost


###!!! [Child][MessageChannel] Error: (msgtype=0x5B0009,name=PHttpChannel::Msg_DeletingChannel) Channel closing: too late to send/recv, messages will be lost


###!!! [Child][MessageChannel] Error: (msgtype=0x5B0004,name=PHttpChannel::Msg_Cancel) Channel closing: too late to send/recv, messages will be lost


###!!! [Child][MessageChannel] Error: (msgtype=0x5B0009,name=PHttpChannel::Msg_DeletingChannel) Channel closing: too late to send/recv, messages will be lost


###!!! [Child][MessageChannel] Error: (msgtype=0x5B0004,name=PHttpChannel::Msg_Cancel) Channel closing: too late to send/recv, messages will be lost


###!!! [Child][MessageChannel] Error: (msgtype=0x5B0009,name=PHttpChannel::Msg_DeletingChannel) Channel closing: too late to send/recv, messages will be lost


###!!! [Child][MessageChannel] Error: (msgtype=0x5B0004,name=PHttpChannel::Msg_Cancel) Channel closing: too late to send/recv, messages will be lost


###!!! [Child][MessageChannel] Error: (msgtype=0x5B0009,name=PHttpChannel::Msg_DeletingChannel) Channel closing: too late to send/recv, messages will be lost


###!!! [Child][MessageChannel] Error: (msgtype=0x5B0004,name=PHttpChannel::Msg_Cancel) Channel closing: too late to send/recv, messages will be lost


###!!! [Child][MessageChannel] Error: (msgtype=0x5B0009,name=PHttpChannel::Msg_DeletingChannel) Channel closing: too late to send/recv, messages will be lost


###!!! [Child][RunMessage] Error: Channel closing: too late to send/recv, messages will be lost


###!!! [Child][RunMessage] Error: Channel closing: too late to send/recv, messages will be lost

1616514394929	geckodriver	INFO	Listening on 127.0.0.1:50405
1616514397972	mozrunner::runner	INFO	Running command: "C:\\Program Files\\Mozilla Firefox\\firefox.exe" "--marionette" "-foreground" "-no-remote" "-profile" "C:\\Users\\royce\\AppData\\Local\\Temp\\rust_mozprofileeDThZg"
console.warn: SearchSettings: "get: No settings file exists, new profile?" (new Error("", "(unknown module)"))
1616514402087	Marionette	INFO	Listening on port 50413
1616514402181	Marionette	WARN	TLS certificate errors will be ignored for this session
1616514405020	Marionette	INFO	Stopped listening on port 50413
[Child 19064, IPC I/O Child] WARNING: pipe error: 232: file /builds/worker/checkouts/gecko/ipc/chromium/src/chrome/common/ipc_channel_win.cc:545

###!!! [Child][RunMessage] Error: Channel closing: too late to send/recv, messages will be lost

1616514480947	geckodriver	INFO	Listening on 127.0.0.1:50523
1616514483972	mozrunner::runner	INFO	Running command: "C:\\Program Files\\Mozilla Firefox\\firefox.exe" "--marionette" "-foreground" "-no-remote" "-profile" "C:\\Users\\royce\\AppData\\Local\\Temp\\rust_mozprofileHNrIPv"
console.warn: SearchSettings: "get: No settings file exists, new profile?" (new Error("", "(unknown module)"))
1616514487867	Marionette	INFO	Listening on port 50531
1616514488159	Marionette	WARN	TLS certificate errors will be ignored for this session
1616514490369	Marionette	INFO	Stopped listening on port 50531

###!!! [Child][MessageChannel] Error: (msgtype=0x3A00BF,name=PContent::Msg_StartVisitedQueries) Channel closing: too late to send/recv, messages will be lost


###!!! [Child][RunMessage] Error: Channel closing: too late to send/recv, messages will be lost

1616514640145	geckodriver	INFO	Listening on 127.0.0.1:50684
1616514643203	mozrunner::runner	INFO	Running command: "C:\\Program Files\\Mozilla Firefox\\firefox.exe" "--marionette" "-foreground" "-no-remote" "-profile" "C:\\Users\\royce\\AppData\\Local\\Temp\\rust_mozprofilezzbUkr"
console.warn: SearchSettings: "get: No settings file exists, new profile?" (new Error("", "(unknown module)"))
1616514647202	Marionette	INFO	Listening on port 50697
1616514647426	Marionette	WARN	TLS certificate errors will be ignored for this session
1616514651743	Marionette	INFO	Stopped listening on port 50697

###!!! [Child][RunMessage] Error: Channel closing: too late to send/recv, messages will be lost

